{
  "RSpec": {
    "coverage": {
      "/Users/nherson/Code/certainly/spec/controllers/certificate_authorities_controller_spec.rb": [
        1,
        null,
        1,
        null,
        null
      ],
      "/Users/nherson/Code/certainly/spec/rails_helper.rb": [
        null,
        1,
        1,
        1,
        1,
        null,
        null,
        null,
        null,
        null,
        null,
        null,
        null,
        null,
        null,
        null,
        null,
        null,
        null,
        null,
        null,
        null,
        null,
        null,
        1,
        null,
        1,
        null,
        1,
        null,
        null,
        null,
        null,
        1,
        null,
        null,
        null,
        null,
        null,
        null,
        null,
        null,
        null,
        null,
        null,
        null,
        null,
        null,
        1,
        null
      ],
      "/Users/nherson/Code/certainly/config/environment.rb": [
        null,
        1,
        null,
        null,
        1
      ],
      "/Users/nherson/Code/certainly/config/application.rb": [
        1,
        null,
        1,
        null,
        null,
        null,
        1,
        null,
        1,
        1,
        null,
        null,
        null,
        null,
        null,
        null,
        null,
        null,
        null,
        null,
        null,
        null,
        null
      ],
      "/Users/nherson/Code/certainly/config/boot.rb": [
        null,
        1,
        null,
        1
      ],
      "/Users/nherson/Code/certainly/config/environments/test.rb": [
        1,
        null,
        null,
        null,
        null,
        null,
        null,
        1,
        null,
        null,
        null,
        null,
        1,
        null,
        null,
        1,
        1,
        null,
        null,
        1,
        1,
        null,
        null,
        1,
        null,
        null,
        1,
        null,
        null,
        null,
        null,
        1,
        null,
        null,
        1,
        null,
        null,
        null,
        null
      ],
      "/Users/nherson/Code/certainly/config/initializers/filter_parameter_logging.rb": [
        null,
        null,
        null,
        1
      ],
      "/Users/nherson/Code/certainly/config/initializers/secret_token.rb": [
        null,
        null,
        null,
        null,
        null,
        null,
        null,
        null,
        null,
        null,
        null,
        null,
        null,
        null,
        null,
        null,
        null,
        null,
        1
      ],
      "/Users/nherson/Code/certainly/config/initializers/wrap_parameters.rb": [
        null,
        null,
        null,
        null,
        null,
        null,
        null,
        null,
        null,
        null,
        null,
        null,
        null
      ],
      "/Users/nherson/Code/certainly/spec/factories.rb": [
        1,
        1,
        1,
        1,
        4,
        null,
        null,
        null
      ],
      "/Users/nherson/Code/certainly/config/routes.rb": [
        1,
        null,
        null,
        null,
        null,
        null,
        null,
        null,
        null,
        null,
        null,
        null,
        null,
        null,
        null,
        null,
        null,
        null,
        null,
        null,
        null,
        null,
        null,
        null,
        null,
        null,
        null,
        null,
        null,
        null,
        null,
        null,
        null,
        null,
        null,
        null,
        null,
        null,
        null,
        null,
        null,
        null,
        null,
        null,
        null,
        null,
        null,
        null,
        null,
        null,
        null,
        null,
        null,
        null,
        null,
        null,
        1,
        1,
        1,
        1,
        1,
        null,
        1,
        1,
        1,
        null,
        null,
        null,
        null,
        null
      ],
      "/Users/nherson/Code/certainly/app/controllers/certificate_authorities_controller.rb": [
        1,
        1,
        null,
        null,
        1,
        0,
        0,
        0,
        0,
        null,
        0,
        null,
        null,
        null,
        1,
        0,
        null,
        null,
        1,
        0,
        0,
        null,
        0,
        null,
        null,
        null,
        1,
        0,
        null,
        null,
        1,
        null,
        1,
        0,
        0,
        null,
        0,
        null,
        null,
        null,
        1,
        0,
        null,
        null,
        null
      ],
      "/Users/nherson/Code/certainly/app/controllers/application_controller.rb": [
        1,
        null
      ],
      "/Users/nherson/Code/certainly/spec/models/certificate_authority_spec.rb": [
        1,
        null,
        1,
        1,
        1,
        2,
        null,
        1,
        1,
        1,
        null,
        null,
        1,
        2,
        null,
        null,
        null,
        1,
        1,
        3,
        null,
        1,
        1,
        2,
        null,
        1,
        1,
        2,
        null,
        1,
        1,
        2,
        null,
        null,
        null
      ],
      "/Users/nherson/Code/certainly/app/models/certificate_authority.rb": [
        1,
        1,
        null,
        1,
        1,
        1,
        1,
        1,
        1,
        null,
        1,
        null,
        1,
        1,
        null,
        1,
        null,
        null,
        1,
        4,
        4,
        null,
        4,
        4,
        4,
        4,
        4,
        4,
        4,
        4,
        null,
        4,
        4,
        4,
        null,
        4,
        null,
        null,
        null,
        4,
        null,
        4,
        null,
        null,
        1,
        8,
        8,
        null,
        1,
        null,
        null,
        null,
        1,
        8,
        8,
        null,
        1,
        null,
        null
      ],
      "/Users/nherson/Code/certainly/lib/openssl_serializer.rb": [
        1,
        1,
        4,
        null,
        null,
        1,
        3,
        null,
        null,
        null,
        1,
        1,
        4,
        null,
        null,
        1,
        3,
        null,
        null
      ]
    },
    "timestamp": 1425028146
  }
}
