{
  "RSpec": {
    "coverage": {
      "/Users/nherson/Code/certainly/spec/controllers/certificate_authorities_controller_spec.rb": [
        1,
        1,
        null,
        1,
        null,
        1,
        1,
        1,
        1,
        1,
        null,
        1,
        1,
        1,
        1,
        null,
        null,
        null,
        1,
        1,
        1,
        1,
        1,
        1,
        1,
        null,
        null,
        null,
        1,
        1,
        4,
        null,
        1,
        1,
        1,
        null,
        1,
        1,
        1,
        null,
        1,
        1,
        1,
        null,
        1,
        1,
        1,
        1,
        1,
        null,
        null,
        null,
        1,
        1,
        1,
        1,
        1,
        2,
        null,
        1,
        1,
        1,
        1,
        1,
        1,
        null,
        null,
        null
      ],
      "/Users/nherson/Code/certainly/spec/rails_helper.rb": [
        null,
        1,
        1,
        1,
        1,
        null,
        null,
        null,
        null,
        null,
        null,
        null,
        null,
        null,
        null,
        null,
        null,
        null,
        null,
        null,
        null,
        null,
        null,
        null,
        1,
        null,
        1,
        null,
        1,
        null,
        null,
        null,
        null,
        1,
        null,
        null,
        null,
        null,
        null,
        null,
        null,
        null,
        null,
        null,
        null,
        null,
        null,
        null,
        1,
        null
      ],
      "/Users/nherson/Code/certainly/config/environment.rb": [
        null,
        1,
        null,
        null,
        1
      ],
      "/Users/nherson/Code/certainly/config/application.rb": [
        1,
        null,
        1,
        null,
        null,
        null,
        1,
        null,
        1,
        1,
        null,
        null,
        null,
        null,
        null,
        null,
        null,
        null,
        null,
        null,
        null,
        null,
        null
      ],
      "/Users/nherson/Code/certainly/config/boot.rb": [
        null,
        1,
        null,
        1
      ],
      "/Users/nherson/Code/certainly/config/environments/test.rb": [
        1,
        null,
        null,
        null,
        null,
        null,
        null,
        1,
        null,
        null,
        null,
        null,
        1,
        null,
        null,
        1,
        1,
        null,
        null,
        1,
        1,
        null,
        null,
        1,
        null,
        null,
        1,
        null,
        null,
        null,
        null,
        1,
        null,
        null,
        1,
        null,
        null,
        null,
        null
      ],
      "/Users/nherson/Code/certainly/config/initializers/filter_parameter_logging.rb": [
        null,
        null,
        null,
        1
      ],
      "/Users/nherson/Code/certainly/config/initializers/secret_token.rb": [
        null,
        null,
        null,
        null,
        null,
        null,
        null,
        null,
        null,
        null,
        null,
        null,
        null,
        null,
        null,
        null,
        null,
        null,
        1
      ],
      "/Users/nherson/Code/certainly/config/initializers/wrap_parameters.rb": [
        null,
        null,
        null,
        null,
        null,
        null,
        null,
        null,
        null,
        null,
        null,
        null,
        null
      ],
      "/Users/nherson/Code/certainly/spec/factories.rb": [
        1,
        1,
        1,
        1,
        10,
        null,
        null,
        null
      ],
      "/Users/nherson/Code/certainly/config/routes.rb": [
        1,
        null,
        null,
        null,
        null,
        null,
        null,
        null,
        null,
        null,
        null,
        null,
        null,
        null,
        null,
        null,
        null,
        null,
        null,
        null,
        null,
        null,
        null,
        null,
        null,
        null,
        null,
        null,
        null,
        null,
        null,
        null,
        null,
        null,
        null,
        null,
        null,
        null,
        null,
        null,
        null,
        null,
        null,
        null,
        null,
        null,
        null,
        null,
        null,
        null,
        null,
        null,
        null,
        null,
        null,
        null,
        1,
        1,
        1,
        1,
        1,
        null,
        1,
        1,
        1,
        null,
        null,
        null,
        null,
        null
      ],
      "/Users/nherson/Code/certainly/app/controllers/certificate_authorities_controller.rb": [
        1,
        null,
        null,
        1,
        2,
        2,
        2,
        1,
        null,
        1,
        null,
        null,
        null,
        1,
        1,
        1,
        null,
        null,
        null,
        1,
        4,
        4,
        1,
        1,
        null,
        2,
        2,
        null,
        1,
        1,
        null,
        3,
        null,
        null,
        1,
        2,
        1,
        null,
        null,
        1,
        null,
        1,
        7,
        7,
        null,
        1,
        null,
        null,
        null,
        1,
        1,
        null,
        null,
        1,
        2,
        null,
        null,
        null
      ],
      "/Users/nherson/Code/certainly/app/controllers/application_controller.rb": [
        1,
        null
      ],
      "/Users/nherson/Code/certainly/spec/models/certificate_authority_spec.rb": [
        1,
        null,
        1,
        1,
        1,
        2,
        null,
        1,
        1,
        1,
        null,
        null,
        1,
        2,
        null,
        null,
        null,
        1,
        1,
        3,
        null,
        1,
        1,
        2,
        null,
        1,
        1,
        2,
        null,
        1,
        1,
        2,
        null,
        null,
        null
      ],
      "/Users/nherson/Code/certainly/app/models/certificate_authority.rb": [
        1,
        1,
        null,
        1,
        1,
        1,
        1,
        1,
        1,
        null,
        1,
        null,
        1,
        1,
        null,
        1,
        null,
        null,
        1,
        12,
        12,
        null,
        12,
        12,
        12,
        12,
        12,
        12,
        12,
        12,
        null,
        12,
        12,
        12,
        null,
        12,
        null,
        null,
        null,
        12,
        null,
        12,
        null,
        null,
        1,
        16,
        16,
        null,
        1,
        null,
        null,
        null,
        1,
        16,
        16,
        null,
        1,
        null,
        null
      ],
      "/Users/nherson/Code/certainly/lib/openssl_serializer.rb": [
        1,
        1,
        15,
        null,
        null,
        1,
        10,
        null,
        null,
        null,
        1,
        1,
        11,
        null,
        null,
        1,
        10,
        null,
        null
      ]
    },
    "timestamp": 1425289691
  }
}
